
**** Build of configuration Debug for project test ****

Nothing to build for project test
23:03:56 **** Incremental Build of configuration Debug for project test ****
make all 
make: Warning: File `objects.mk' has modification time 2,6 s in the future
Building file: ../test.cpp
Invoking: GCC C++ Compiler
g++ -O0 -g3 -Wall -c -fmessage-length=0 -MMD -MP -MF"test.d" -MT"test.d" -o "test.o" "../test.cpp"
Finished building: ../test.cpp
 
Building target: test
Invoking: GCC C++ Linker
g++  -o "test"  ./test.o   
Finished building target: test
 
make: warning:  Clock skew detected.  Your build may be incomplete.
23:04:05 **** Incremental Build of configuration Debug for project test ****
make all 
make: Warning: File `subdir.mk' has modification time 2,6 s in the future
make: Nothing to be done for `all'.
make: warning:  Clock skew detected.  Your build may be incomplete.
23:04:59 **** Incremental Build of configuration Debug for project test ****
make all 
make: Warning: File `subdir.mk' has modification time 2,6 s in the future
make: Nothing to be done for `all'.
make: warning:  Clock skew detected.  Your build may be incomplete.
14:59:30 **** Incremental Build of configuration Debug for project test ****
make all 
Cannot run program "make": Launching failed

Error: Program "make" not found in PATH
PATH=[C:/Program Files/Java/jre1.8.0_111/bin/server;C:/Program Files/Java/jre1.8.0_111/bin;C:/Program Files/Java/jre1.8.0_111/lib/amd64;C:\ProgramData\Oracle\Java\javapath;C:\Program Files\Common Files\Microsoft Shared\Windows Live;C:\Program Files (x86)\Common Files\Microsoft Shared\Windows Live;C:\Program Files (x86)\Intel\iCLS Client\;C:\Program Files\Intel\iCLS Client\;C:\Windows\system32;C:\Windows;C:\Windows\System32\Wbem;C:\Windows\System32\WindowsPowerShell\v1.0\;C:\Program Files\Intel\Intel(R) Management Engine Components\DAL;C:\Program Files\Intel\Intel(R) Management Engine Components\IPT;C:\Program Files (x86)\Intel\Intel(R) Management Engine Components\DAL;C:\Program Files (x86)\Intel\Intel(R) Management Engine Components\IPT;C:\Program Files\Intel\WiFi\bin\;C:\Program Files\Common Files\Intel\WirelessCommon\;C:\Program Files (x86)\Common Files\Lenovo;C:\Program Files (x86)\Common Files\lenovo\easyplussdk\bin;C:\ProgramData\Lenovo\ReadyApps;C:\Program Files (x86)\Windows Live\Shared;C:\Users\prashubh\devtools\mingw\bin;C:\Program Files (x86)\CMake\bin;C:\Users\prashubh\devtools\gtest-1.7.0;c:\Python34;C:\Python34\Lib;C:\Python34\DLLs;C:\Program Files (x86)\MiKTeX 2.9\miktex\bin\;C:\Users\prashubh\dev-tools\cscope\cscope-15.7a-win32rev18-static;C:\Program Files\Git\cmd;C:\Program Files\Git\mingw64\bin;C:\Program Files\Git\usr\bin;C:\Users\prashubh\Downloads\gradle-2.8-all\gradle-2.8\bin;C:\Program Files (x86)\Skype\Phone\;C:\Windows\Microsoft.NET\Framework\v4.0.30319\;C:\Users\prashubh\omnisharp-server\OmniSharp\bin\Debug;C:\Program Files (x86)\GtkSharp\2.12\bin;C:\Android;C:\Program Files (x86)\Lua\5.1;C:\Program Files (x86)\Lua\5.1\clibs;C:\Program Files (x86)\Lua\5.1\include;C:\Program Files (x86)\Lua\5.1\include\lib;C:\Users\prashubh\Downloads\eclipse-cpp-neon-1-win32-x86_64\eclipse;]
15:01:40 **** Incremental Build of configuration Debug for project test ****
make all 
Cannot run program "make": Launching failed

Error: Program "make" not found in PATH
PATH=[C:/Program Files/Java/jre1.8.0_111/bin/server;C:/Program Files/Java/jre1.8.0_111/bin;C:/Program Files/Java/jre1.8.0_111/lib/amd64;C:\ProgramData\Oracle\Java\javapath;C:\Program Files\Common Files\Microsoft Shared\Windows Live;C:\Program Files (x86)\Common Files\Microsoft Shared\Windows Live;C:\Program Files (x86)\Intel\iCLS Client\;C:\Program Files\Intel\iCLS Client\;C:\Windows\system32;C:\Windows;C:\Windows\System32\Wbem;C:\Windows\System32\WindowsPowerShell\v1.0\;C:\Program Files\Intel\Intel(R) Management Engine Components\DAL;C:\Program Files\Intel\Intel(R) Management Engine Components\IPT;C:\Program Files (x86)\Intel\Intel(R) Management Engine Components\DAL;C:\Program Files (x86)\Intel\Intel(R) Management Engine Components\IPT;C:\Program Files\Intel\WiFi\bin\;C:\Program Files\Common Files\Intel\WirelessCommon\;C:\Program Files (x86)\Common Files\Lenovo;C:\Program Files (x86)\Common Files\lenovo\easyplussdk\bin;C:\ProgramData\Lenovo\ReadyApps;C:\Program Files (x86)\Windows Live\Shared;C:\Users\prashubh\devtools\mingw\bin;C:\Program Files (x86)\CMake\bin;C:\Users\prashubh\devtools\gtest-1.7.0;c:\Python34;C:\Python34\Lib;C:\Python34\DLLs;C:\Program Files (x86)\MiKTeX 2.9\miktex\bin\;C:\Users\prashubh\dev-tools\cscope\cscope-15.7a-win32rev18-static;C:\Program Files\Git\cmd;C:\Program Files\Git\mingw64\bin;C:\Program Files\Git\usr\bin;C:\Users\prashubh\Downloads\gradle-2.8-all\gradle-2.8\bin;C:\Program Files (x86)\Skype\Phone\;C:\Windows\Microsoft.NET\Framework\v4.0.30319\;C:\Users\prashubh\omnisharp-server\OmniSharp\bin\Debug;C:\Program Files (x86)\GtkSharp\2.12\bin;C:\Android;C:\Program Files (x86)\Lua\5.1;C:\Program Files (x86)\Lua\5.1\clibs;C:\Program Files (x86)\Lua\5.1\include;C:\Program Files (x86)\Lua\5.1\include\lib;C:\Users\prashubh\devtools\mingw\bin;C:\Users\prashubh\Downloads\eclipse-cpp-neon-1-win32-x86_64\eclipse;]
15:03:52 **** Incremental Build of configuration Debug for project test ****
make all 
Cannot run program "make": Launching failed

Error: Program "make" not found in PATH
PATH=[C:/Program Files/Java/jre1.8.0_111/bin/server;C:/Program Files/Java/jre1.8.0_111/bin;C:/Program Files/Java/jre1.8.0_111/lib/amd64;C:\ProgramData\Oracle\Java\javapath;C:\Program Files\Common Files\Microsoft Shared\Windows Live;C:\Program Files (x86)\Common Files\Microsoft Shared\Windows Live;C:\Program Files (x86)\Intel\iCLS Client\;C:\Program Files\Intel\iCLS Client\;C:\Windows\system32;C:\Windows;C:\Windows\System32\Wbem;C:\Windows\System32\WindowsPowerShell\v1.0\;C:\Program Files\Intel\Intel(R) Management Engine Components\DAL;C:\Program Files\Intel\Intel(R) Management Engine Components\IPT;C:\Program Files (x86)\Intel\Intel(R) Management Engine Components\DAL;C:\Program Files (x86)\Intel\Intel(R) Management Engine Components\IPT;C:\Program Files\Intel\WiFi\bin\;C:\Program Files\Common Files\Intel\WirelessCommon\;C:\Program Files (x86)\Common Files\Lenovo;C:\Program Files (x86)\Common Files\lenovo\easyplussdk\bin;C:\ProgramData\Lenovo\ReadyApps;C:\Program Files (x86)\Windows Live\Shared;C:\Users\prashubh\devtools\mingw\bin;C:\Program Files (x86)\CMake\bin;C:\Users\prashubh\devtools\gtest-1.7.0;c:\Python34;C:\Python34\Lib;C:\Python34\DLLs;C:\Program Files (x86)\MiKTeX 2.9\miktex\bin\;C:\Users\prashubh\dev-tools\cscope\cscope-15.7a-win32rev18-static;C:\Program Files\Git\cmd;C:\Program Files\Git\mingw64\bin;C:\Program Files\Git\usr\bin;C:\Users\prashubh\Downloads\gradle-2.8-all\gradle-2.8\bin;C:\Program Files (x86)\Skype\Phone\;C:\Windows\Microsoft.NET\Framework\v4.0.30319\;C:\Users\prashubh\omnisharp-server\OmniSharp\bin\Debug;C:\Program Files (x86)\GtkSharp\2.12\bin;C:\Android;C:\Program Files (x86)\Lua\5.1;C:\Program Files (x86)\Lua\5.1\clibs;C:\Program Files (x86)\Lua\5.1\include;C:\Program Files (x86)\Lua\5.1\include\lib;C:\Users\prashubh\devtools\mingw\bin;C:\Users\prashubh\Downloads\eclipse-cpp-neon-1-win32-x86_64\eclipse;]
15:04:33 **** Incremental Build of configuration Debug for project test ****
make all 
Building file: ../test.cpp
Invoking: GCC C++ Compiler
g++ -O0 -g3 -Wall -c -fmessage-length=0 -MMD -MP -MF"test.d" -MT"test.o" -o "test.o" "../test.cpp"
Finished building: ../test.cpp
 
Building target: test
Invoking: GCC C++ Linker
g++  -o "test"  ./test.o   
Finished building target: test
 
15:04:57 **** Incremental Build of configuration Debug for project test ****
make all 
make: Nothing to be done for `all'.
15:05:09 **** Incremental Build of configuration Debug for project test ****
make all 
make: Nothing to be done for `all'.
15:05:15 **** Incremental Build of configuration Debug for project test ****
make all 
make: Nothing to be done for `all'.
15:05:38 **** Incremental Build of configuration Debug for project test ****
make all 
make: Nothing to be done for `all'.
15:08:01 **** Incremental Build of configuration Debug for project test ****
make all 
make: Nothing to be done for `all'.
15:08:01 **** Rebuild of configuration Debug for project teste ****
Info: Internal Builder is used for build
g++ -O0 -g3 -Wall -c -fmessage-length=0 -o "src\\teste.o" "..\\src\\teste.cpp" 
g++ -o teste.exe "src\\teste.o" 
15:08:08 **** Incremental Build of configuration Debug for project test ****
make all 
make: Nothing to be done for `all'.
Info: Nothing to build for teste
15:13:22 **** Incremental Build of configuration Debug for project test ****
make all 
Building file: ../avg.cpp
Invoking: GCC C++ Compiler
g++ -O0 -g3 -Wall -c -fmessage-length=0 -MMD -MP -MF"avg.d" -MT"avg.o" -o "avg.o" "../avg.cpp"
../avg.cpp:5:18: fatal error: lua.h: No such file or directory
  #include "lua.h"
                  ^
compilation terminated.
make: *** [avg.o] Error 1
Info: Nothing to build for teste
15:13:42 **** Clean-only build of configuration Debug for project teste ****
rm -rf src/teste.o src/teste.d teste.exe 
15:15:11 **** Rebuild of configuration Debug for project teste ****
Info: Internal Builder is used for build
g++ -O0 -g3 -Wall -c -fmessage-length=0 -o "src\\luaavg.o" "..\\src\\luaavg.cpp" 
..\src\luaavg.cpp:4:17: fatal error: lua.h: No such file or directory
 #include "lua.h"
                 ^
compilation terminated.
15:18:13 **** Incremental Build of configuration Debug for project teste ****
Info: Internal Builder is used for build
g++ -O0 -g3 -Wall -c -fmessage-length=0 -o "src\\luaavg.o" "..\\src\\luaavg.cpp" 
..\src\luaavg.cpp:4:17: fatal error: lua.h: No such file or directory
 #include "lua.h"
                 ^
compilation terminated.
15:19:32 **** Clean-only build of configuration Debug for project teste ****
rm -rf src/luaavg.d teste.exe src/luaavg.o 
15:19:36 **** Rebuild of configuration Debug for project teste ****
Info: Internal Builder is used for build
g++ -O0 -g3 -Wall -c -fmessage-length=0 -o "src\\luaavg.o" "..\\src\\luaavg.cpp" 
..\src\luaavg.cpp:4:17: fatal error: lua.h: No such file or directory
 #include "lua.h"
                 ^
compilation terminated.
15:20:24 **** Incremental Build of configuration Debug for project teste ****
Info: Internal Builder is used for build
g++ -O0 -g3 -Wall -c -fmessage-length=0 -o "src\\luaavg.o" "..\\src\\luaavg.cpp" 
..\src\luaavg.cpp:4:17: fatal error: lua.h: No such file or directory
 #include <lua.h>
                 ^
compilation terminated.
15:32:21 **** Incremental Build of configuration Debug for project teste ****
Info: Internal Builder is used for build
g++ -O0 -g3 -Wall -c -fmessage-length=0 -o "src\\luaavg.o" "..\\src\\luaavg.cpp" 
..\src\luaavg.cpp:4:17: fatal error: lua.h: No such file or directory
 #include "lua.h"
                 ^
compilation terminated.
15:32:30 **** Clean-only build of configuration Debug for project teste ****
rm -rf src/luaavg.d teste.exe src/luaavg.o 
15:32:34 **** Rebuild of configuration Debug for project teste ****
Info: Internal Builder is used for build
g++ -O0 -g3 -Wall -c -fmessage-length=0 -o "src\\luaavg.o" "..\\src\\luaavg.cpp" 
..\src\luaavg.cpp:4:17: fatal error: lua.h: No such file or directory
 #include "lua.h"
                 ^
compilation terminated.
