        -:    0:Source:/home/pralay/g-code/CPP/cmake/coveralls-cmake-example-master/test/TEST_complicated.c
        -:    0:Graph:/home/pralay/g-code/CPP/cmake/coveralls-cmake-example-master/build/CMakeFiles/complicated_regress.dir/test/TEST_complicated.c.gcno
        -:    0:Data:/home/pralay/g-code/CPP/cmake/coveralls-cmake-example-master/build/CMakeFiles/complicated_regress.dir/test/TEST_complicated.c.gcda
        -:    0:Runs:1
        -:    0:Programs:1
        -:    1:#include <stdio.h>
        -:    2:#include <complicated.h>
        -:    3:
        1:    4:int main(int argc, char **argv)
        -:    5:{
        1:    6:  if (complicated(3) != 4)
        -:    7:    {
    #####:    8:      goto fail;
        -:    9:    }
        -:   10:  
        1:   11:  if (complicated(4) != 4)
        -:   12:    {
    #####:   13:      goto fail;
        -:   14:    }
        -:   15:  
        1:   16:  if (complicated(0) != 0)
        -:   17:    {
    #####:   18:      goto fail;
        -:   19:    }
        -:   20:  
        1:   21:  printf("Success!\n");
        1:   22:  return 0;
        -:   23: fail:
    #####:   24:  fprintf(stderr, "Failed test!\n");
    #####:   25:  return -1;
        -:   26:}
