        -:    0:Source:/home/pralay/g-code/CPP/cmake/coveralls-cmake-example-master/complicated.c
        -:    0:Graph:/home/pralay/g-code/CPP/cmake/coveralls-cmake-example-master/build/CMakeFiles/complicated.dir/complicated.c.gcno
        -:    0:Data:/home/pralay/g-code/CPP/cmake/coveralls-cmake-example-master/build/CMakeFiles/complicated.dir/complicated.c.gcda
        -:    0:Runs:1
        -:    0:Programs:1
        -:    1:#include <stdio.h>
        -:    2:
        3:    3:int complicated(int a)
        -:    4:{
        3:    5:	if (a >= 3)
        -:    6:	{
        2:    7:		return 4;
        -:    8:	}
        1:    9:	else if (a < 0)
        -:   10:	{
    #####:   11:		return 1;
        -:   12:	}
        -:   13:
        1:   14:	return 0;
        -:   15:}
        -:   16:
