Start testing: Jan 24 21:30 CET
----------------------------------------------------------
1/1 Testing: complicated
1/1 Test: complicated
Command: "/home/pralay/g-code/CPP/cmake/coveralls-cmake-example-master/build/complicated_regress"
Directory: /home/pralay/g-code/CPP/cmake/coveralls-cmake-example-master/build
"complicated" start time: Jan 24 21:30 CET
Output:
----------------------------------------------------------
Success!
<end of output>
Test time =   0.07 sec
----------------------------------------------------------
Test Passed.
"complicated" end time: Jan 24 21:30 CET
"complicated" time elapsed: 00:00:00
----------------------------------------------------------

End testing: Jan 24 21:30 CET
