Start testing: Dec 25 08:27 CET
----------------------------------------------------------
1/1 Testing: toDoTest
1/1 Test: toDoTest
Command: "/media/sf_Google_Drive/SoftwareDevelopment/Books_And_Tutorials/cpp/build-system/cmake_tutorial/chapter4-1/build/toDo"
Directory: /media/sf_Google_Drive/SoftwareDevelopment/Books_And_Tutorials/cpp/build-system/cmake_tutorial/chapter4-1/build
"toDoTest" start time: Dec 25 08:27 CET
Output:
----------------------------------------------------------
Test passed
<end of output>
Test time =   0.01 sec
----------------------------------------------------------
Test Passed.
"toDoTest" end time: Dec 25 08:27 CET
"toDoTest" time elapsed: 00:00:00
----------------------------------------------------------

End testing: Dec 25 08:27 CET
